<?xml version="1.0" encoding="UTF-8"?>
<beans xmlns="http://www.springframework.org/schema/beans"
       xmlns:xsi="http://www.w3.org/2001/XMLSchema-instance"
       xsi:schemaLocation="http://www.springframework.org/schema/beans http://www.springframework.org/schema/beans/spring-beans.xsd">
   <bean id="dataSource" class="ua.od.vassio.backup.spring.DataSourceHelper" factory-method="getDataSourceHsqldbCreateSchema">
       <constructor-arg value="jdbc:hsqldb:mem:DATABASE_TEST;sql.syntax_mys=true;MULTI_THREADED=1;close_result=true;shutdown=true;hsqldb.cache_rows=100;hsqldb.nio_max_size=5;runtime.gc_interval=100"/>
   </bean>

    <bean id="structureSaver" class="ua.od.vassio.backup.spring.SpringStructureSaver">
        <property name="dataSource" ref="dataSource"/>
        <property name="pathToChangeSets" value="classpath:/changeSets/"/>
        <property name="prefix" value="test" />
        <property name="pathToSaveChangeSets" value="./changeSets/"/>
    </bean>
</beans>